<?xml version="1.0" encoding="UTF-8"?>
<!-- Generated by org.testng.reporters.JUnitReportReporter -->
<testsuite skipped="0" hostname="DESKTOP-MFIQF9V" name="com.qa.marcis.tests.ContactsPageTest" tests="4" failures="0" timestamp="11 Jul 2020 14:00:30 GMT" time="41.734" errors="0">
  <testcase name="createNewContactTest" time="11.909" classname="com.qa.marcis.tests.ContactsPageTest"/>
  <testcase name="createNewContactTest" time="10.267" classname="com.qa.marcis.tests.ContactsPageTest"/>
  <testcase name="createNewContactTest" time="9.850" classname="com.qa.marcis.tests.ContactsPageTest"/>
  <testcase name="createNewContactTest" time="9.708" classname="com.qa.marcis.tests.ContactsPageTest"/>
</testsuite> <!-- com.qa.marcis.tests.ContactsPageTest -->
