<?xml version="1.0" encoding="UTF-8"?>
<!-- Generated by org.testng.reporters.JUnitReportReporter -->
<testsuite skipped="0" hostname="DESKTOP-MFIQF9V" name="com.qa.marcis.tests.HomePageTest" tests="2" failures="0" timestamp="10 Jul 2020 19:56:15 GMT" time="6.525" errors="0">
  <testcase name="verifyHomePageHeaderTest" time="6.510" classname="com.qa.marcis.tests.HomePageTest"/>
  <testcase name="verifyHomePageTitleTest" time="0.015" classname="com.qa.marcis.tests.HomePageTest"/>
</testsuite> <!-- com.qa.marcis.tests.HomePageTest -->
