<?xml version="1.0" encoding="UTF-8"?>
<!-- Generated by org.testng.reporters.JUnitReportReporter -->
<testsuite skipped="0" hostname="DESKTOP-MFIQF9V" name="com.qa.marcis.tests.LoginPageTest" tests="1" failures="0" timestamp="10 Jul 2020 19:30:15 GMT" time="5.129" errors="0">
  <testcase name="verifySignUpLinkTest" time="5.129" classname="com.qa.marcis.tests.LoginPageTest"/>
</testsuite> <!-- com.qa.marcis.tests.LoginPageTest -->
