<?xml version="1.0" encoding="UTF-8"?>
<!-- Generated by org.testng.reporters.JUnitReportReporter -->
<testsuite skipped="0" hostname="DESKTOP-MFIQF9V" name="com.qa.marcis.tests.LoginPageTest_BM" tests="1" failures="0" timestamp="10 Jul 2020 19:20:07 GMT" time="29.531" errors="0">
  <testcase name="verifySignUpLinkTest" time="29.531" classname="com.qa.marcis.tests.LoginPageTest_BM"/>
</testsuite> <!-- com.qa.marcis.tests.LoginPageTest_BM -->
